<?xml version="1.0" encoding="UTF-8"?>
<testsuite name="Hello.Hello_Spring.HelloSpringApplicationTests" tests="1" skipped="0" failures="0" errors="0" timestamp="2025-03-04T16:51:37" hostname="majonghoui-MacBookPro.local" time="0.46">
  <properties/>
  <testcase name="contextLoads()" classname="Hello.Hello_Spring.HelloSpringApplicationTests" time="0.46"/>
  <system-out><![CDATA[01:51:33.733 [Test worker] INFO org.springframework.test.context.support.AnnotationConfigContextLoaderUtils -- Could not detect default configuration classes for test class [Hello.Hello_Spring.HelloSpringApplicationTests]: HelloSpringApplicationTests does not declare any static, non-private, non-final, nested classes annotated with @Configuration.
01:51:33.851 [Test worker] INFO org.springframework.boot.test.context.SpringBootTestContextBootstrapper -- Found @SpringBootConfiguration Hello.Hello_Spring.HelloSpringApplication for test class Hello.Hello_Spring.HelloSpringApplicationTests

  .   ____          _            __ _ _
 /\\ / ___'_ __ _ _(_)_ __  __ _ \ \ \ \
( ( )\___ | '_ | '_| | '_ \/ _` | \ \ \ \
 \\/  ___)| |_)| | | | | || (_| |  ) ) ) )
  '  |____| .__|_| |_|_| |_\__, | / / / /
 =========|_|==============|___/=/_/_/_/

 :: Spring Boot ::                (v3.4.2)

2025-03-05T01:51:34.379+09:00  INFO 6078 --- [Hello-Spring] [    Test worker] H.H.HelloSpringApplicationTests          : Starting HelloSpringApplicationTests using Java 21.0.5 with PID 6078 (started by axis in /Users/axis/MacBookStore/ComStudy/Spring/Spring-Hello)
2025-03-05T01:51:34.381+09:00  INFO 6078 --- [Hello-Spring] [    Test worker] H.H.HelloSpringApplicationTests          : No active profile set, falling back to 1 default profile: "default"
2025-03-05T01:51:35.130+09:00  INFO 6078 --- [Hello-Spring] [    Test worker] .s.d.r.c.RepositoryConfigurationDelegate : Bootstrapping Spring Data JPA repositories in DEFAULT mode.
2025-03-05T01:51:35.159+09:00  INFO 6078 --- [Hello-Spring] [    Test worker] .s.d.r.c.RepositoryConfigurationDelegate : Finished Spring Data repository scanning in 15 ms. Found 0 JPA repository interfaces.
2025-03-05T01:51:35.620+09:00  INFO 6078 --- [Hello-Spring] [    Test worker] o.hibernate.jpa.internal.util.LogHelper  : HHH000204: Processing PersistenceUnitInfo [name: default]
2025-03-05T01:51:35.691+09:00  INFO 6078 --- [Hello-Spring] [    Test worker] org.hibernate.Version                    : HHH000412: Hibernate ORM core version 6.6.5.Final
2025-03-05T01:51:35.746+09:00  INFO 6078 --- [Hello-Spring] [    Test worker] o.h.c.internal.RegionFactoryInitiator    : HHH000026: Second-level cache disabled
2025-03-05T01:51:36.040+09:00  INFO 6078 --- [Hello-Spring] [    Test worker] o.s.o.j.p.SpringPersistenceUnitInfo      : No LoadTimeWeaver setup: ignoring JPA class transformer
2025-03-05T01:51:36.070+09:00  INFO 6078 --- [Hello-Spring] [    Test worker] com.zaxxer.hikari.HikariDataSource       : HikariPool-1 - Starting...
2025-03-05T01:51:36.158+09:00  INFO 6078 --- [Hello-Spring] [    Test worker] com.zaxxer.hikari.pool.HikariPool        : HikariPool-1 - Added connection org.mariadb.jdbc.Connection@5834198f
2025-03-05T01:51:36.160+09:00  INFO 6078 --- [Hello-Spring] [    Test worker] com.zaxxer.hikari.HikariDataSource       : HikariPool-1 - Start completed.
2025-03-05T01:51:36.185+09:00  WARN 6078 --- [Hello-Spring] [    Test worker] org.hibernate.orm.deprecation            : HHH90000025: MariaDBDialect does not need to be specified explicitly using 'hibernate.dialect' (remove the property setting and it will be selected by default)
2025-03-05T01:51:36.209+09:00  INFO 6078 --- [Hello-Spring] [    Test worker] org.hibernate.orm.connections.pooling    : HHH10001005: Database info:
	Database JDBC URL [Connecting through datasource 'HikariDataSource (HikariPool-1)']
	Database driver: undefined/unknown
	Database version: 11.7.2
	Autocommit mode: undefined/unknown
	Isolation level: undefined/unknown
	Minimum pool size: undefined/unknown
	Maximum pool size: undefined/unknown
2025-03-05T01:51:36.909+09:00  INFO 6078 --- [Hello-Spring] [    Test worker] o.h.e.t.j.p.i.JtaPlatformInitiator       : HHH000489: No JTA platform available (set 'hibernate.transaction.jta.platform' to enable JTA platform integration)
2025-03-05T01:51:36.911+09:00  INFO 6078 --- [Hello-Spring] [    Test worker] j.LocalContainerEntityManagerFactoryBean : Initialized JPA EntityManagerFactory for persistence unit 'default'
2025-03-05T01:51:37.099+09:00  WARN 6078 --- [Hello-Spring] [    Test worker] JpaBaseConfiguration$JpaWebConfiguration : spring.jpa.open-in-view is enabled by default. Therefore, database queries may be performed during view rendering. Explicitly configure spring.jpa.open-in-view to disable this warning
2025-03-05T01:51:37.121+09:00  INFO 6078 --- [Hello-Spring] [    Test worker] o.s.b.a.w.s.WelcomePageHandlerMapping    : Adding welcome page: class path resource [static/index.html]
2025-03-05T01:51:37.444+09:00  INFO 6078 --- [Hello-Spring] [    Test worker] H.H.HelloSpringApplicationTests          : Started HelloSpringApplicationTests in 3.425 seconds (process running for 4.774)
]]></system-out>
  <system-err><![CDATA[Mockito is currently self-attaching to enable the inline-mock-maker. This will no longer work in future releases of the JDK. Please add Mockito as an agent to your build what is described in Mockito's documentation: https://javadoc.io/doc/org.mockito/mockito-core/latest/org/mockito/Mockito.html#0.3
WARNING: A Java agent has been loaded dynamically (/Users/axis/.gradle/caches/modules-2/files-2.1/net.bytebuddy/byte-buddy-agent/1.15.11/a38b16385e867f59a641330f0362ebe742788ed8/byte-buddy-agent-1.15.11.jar)
WARNING: If a serviceability tool is in use, please run with -XX:+EnableDynamicAgentLoading to hide this warning
WARNING: If a serviceability tool is not in use, please run with -Djdk.instrument.traceUsage for more information
WARNING: Dynamic loading of agents will be disallowed by default in a future release
]]></system-err>
</testsuite>
