<?xml version="1.0" encoding="UTF-8"?>
<testsuite name="Hello.Hello_Spring.HelloSpringApplicationTests" tests="1" skipped="0" failures="0" errors="0" timestamp="2025-02-14T10:36:00" hostname="majonghoui-MacBookPro.local" time="0.748">
  <properties/>
  <testcase name="contextLoads()" classname="Hello.Hello_Spring.HelloSpringApplicationTests" time="0.748"/>
  <system-out><![CDATA[19:35:59.262 [Test worker] INFO org.springframework.test.context.support.AnnotationConfigContextLoaderUtils -- Could not detect default configuration classes for test class [Hello.Hello_Spring.HelloSpringApplicationTests]: HelloSpringApplicationTests does not declare any static, non-private, non-final, nested classes annotated with @Configuration.
19:35:59.360 [Test worker] INFO org.springframework.boot.test.context.SpringBootTestContextBootstrapper -- Found @SpringBootConfiguration Hello.Hello_Spring.HelloSpringApplication for test class Hello.Hello_Spring.HelloSpringApplicationTests

  .   ____          _            __ _ _
 /\\ / ___'_ __ _ _(_)_ __  __ _ \ \ \ \
( ( )\___ | '_ | '_| | '_ \/ _` | \ \ \ \
 \\/  ___)| |_)| | | | | || (_| |  ) ) ) )
  '  |____| .__|_| |_|_| |_\__, | / / / /
 =========|_|==============|___/=/_/_/_/

 :: Spring Boot ::                (v3.4.2)

2025-02-14T19:35:59.686+09:00  INFO 33794 --- [Hello-Spring] [    Test worker] H.H.HelloSpringApplicationTests          : Starting HelloSpringApplicationTests using Java 18.0.2.1 with PID 33794 (started by axis in /Users/axis/MacBookStore/ComStudy/Spring/Hello-Spring)
2025-02-14T19:35:59.687+09:00  INFO 33794 --- [Hello-Spring] [    Test worker] H.H.HelloSpringApplicationTests          : No active profile set, falling back to 1 default profile: "default"
2025-02-14T19:36:00.812+09:00  INFO 33794 --- [Hello-Spring] [    Test worker] H.H.HelloSpringApplicationTests          : Started HelloSpringApplicationTests in 1.336 seconds (process running for 2.956)
]]></system-out>
  <system-err><![CDATA[]]></system-err>
</testsuite>
